<?xml version="1.0" encoding="UTF-8" ?>
<testsuite tests="8" failures="0" name="calculator.CalculatorTest" time="0.402" errors="0" skipped="0">
  <properties>
    <property name="idea.version" value="2020.3.1"/>
    <property name="java.runtime.name" value="OpenJDK Runtime Environment"/>
    <property name="java.vm.version" value="11.0.10+9-Ubuntu-0ubuntu1.20.04"/>
    <property name="sun.boot.library.path" value="/usr/lib/jvm/java-11-openjdk-amd64/lib"/>
    <property name="maven.multiModuleProjectDirectory" value="/home/pavan96/Desktop/Calculator Devops"/>
    <property name="java.vm.vendor" value="Ubuntu"/>
    <property name="java.vendor.url" value="https://ubuntu.com/"/>
    <property name="guice.disable.misplaced.annotation.check" value="true"/>
    <property name="path.separator" value=":"/>
    <property name="java.vm.name" value="OpenJDK 64-Bit Server VM"/>
    <property name="sun.os.patch.level" value="unknown"/>
    <property name="user.country" value="IN"/>
    <property name="sun.java.launcher" value="SUN_STANDARD"/>
    <property name="java.vm.specification.name" value="Java Virtual Machine Specification"/>
    <property name="user.dir" value="/home/pavan96/Desktop/Calculator Devops"/>
    <property name="java.vm.compressedOopsMode" value="32-bit"/>
    <property name="java.runtime.version" value="11.0.10+9-Ubuntu-0ubuntu1.20.04"/>
    <property name="java.awt.graphicsenv" value="sun.awt.X11GraphicsEnvironment"/>
    <property name="os.arch" value="amd64"/>
    <property name="java.io.tmpdir" value="/tmp"/>
    <property name="line.separator" value="
"/>
    <property name="java.vm.specification.vendor" value="Oracle Corporation"/>
    <property name="os.name" value="Linux"/>
    <property name="maven.ext.class.path" value="/home/pavan96/.local/share/JetBrains/Toolbox/apps/IDEA-U/ch-0/203.6682.168/plugins/maven/lib/maven-event-listener.jar"/>
    <property name="classworlds.conf" value="/home/pavan96/.local/share/JetBrains/Toolbox/apps/IDEA-U/ch-0/203.6682.168/plugins/maven/lib/maven3/bin/m2.conf"/>
    <property name="sun.jnu.encoding" value="UTF-8"/>
    <property name="java.library.path" value="/usr/java/packages/lib:/usr/lib/x86_64-linux-gnu/jni:/lib/x86_64-linux-gnu:/usr/lib/x86_64-linux-gnu:/usr/lib/jni:/lib:/usr/lib"/>
    <property name="maven.conf" value="/home/pavan96/.local/share/JetBrains/Toolbox/apps/IDEA-U/ch-0/203.6682.168/plugins/maven/lib/maven3/conf"/>
    <property name="jdk.debug" value="release"/>
    <property name="java.class.version" value="55.0"/>
    <property name="java.specification.name" value="Java Platform API Specification"/>
    <property name="sun.management.compiler" value="HotSpot 64-Bit Tiered Compilers"/>
    <property name="os.version" value="5.8.0-44-generic"/>
    <property name="user.home" value="/home/pavan96"/>
    <property name="user.timezone" value="Asia/Kolkata"/>
    <property name="java.awt.printerjob" value="sun.print.PSPrinterJob"/>
    <property name="file.encoding" value="UTF-8"/>
    <property name="java.specification.version" value="11"/>
    <property name="user.name" value="pavan96"/>
    <property name="java.class.path" value="/home/pavan96/.local/share/JetBrains/Toolbox/apps/IDEA-U/ch-0/203.6682.168/plugins/maven/lib/maven3/boot/plexus-classworlds-2.6.0.jar:/home/pavan96/.local/share/JetBrains/Toolbox/apps/IDEA-U/ch-0/203.6682.168/plugins/maven/lib/maven3/boot/plexus-classworlds.license"/>
    <property name="java.vm.specification.version" value="11"/>
    <property name="sun.arch.data.model" value="64"/>
    <property name="sun.java.command" value="org.codehaus.classworlds.Launcher -Didea.version=2020.3.1 clean compile test install"/>
    <property name="java.home" value="/usr/lib/jvm/java-11-openjdk-amd64"/>
    <property name="user.language" value="en"/>
    <property name="java.specification.vendor" value="Oracle Corporation"/>
    <property name="awt.toolkit" value="sun.awt.X11.XToolkit"/>
    <property name="java.vm.info" value="mixed mode, sharing"/>
    <property name="java.version" value="11.0.10"/>
    <property name="securerandom.source" value="file:/dev/./urandom"/>
    <property name="java.vendor" value="Ubuntu"/>
    <property name="maven.home" value="/home/pavan96/.local/share/JetBrains/Toolbox/apps/IDEA-U/ch-0/203.6682.168/plugins/maven/lib/maven3"/>
    <property name="file.separator" value="/"/>
    <property name="java.version.date" value="2021-01-19"/>
    <property name="java.vendor.url.bug" value="https://bugs.launchpad.net/ubuntu/+source/openjdk-lts"/>
    <property name="sun.io.unicode.encoding" value="UnicodeLittle"/>
    <property name="sun.cpu.endian" value="little"/>
    <property name="sun.desktop" value="gnome"/>
    <property name="sun.cpu.isalist" value=""/>
  </properties>
  <testcase classname="calculator.CalculatorTest" name="testNegsqeroot" time="0.401"/>
  <testcase classname="calculator.CalculatorTest" name="testLogezero" time="0"/>
  <testcase classname="calculator.CalculatorTest" name="testFact" time="0"/>
  <testcase classname="calculator.CalculatorTest" name="testLoge" time="0"/>
  <testcase classname="calculator.CalculatorTest" name="testPowe" time="0"/>
  <testcase classname="calculator.CalculatorTest" name="testLogeneg" time="0.001"/>
  <testcase classname="calculator.CalculatorTest" name="testPowezero" time="0"/>
  <testcase classname="calculator.CalculatorTest" name="testSqeroot" time="0"/>
</testsuite>